2025-09-18 23:22:05 | INFO | Updated author counts: {'Eve': 1, 'Alice': 3, 'Charlie': 1, 'Diana': 1}
2025-09-18 23:22:05 | INFO | Chart updated successfully for message: {"message": "Buzz messages for everyone.", "author": "Alice"}
2025-09-18 23:22:05 | INFO | Processed JSON message: {'message': 'Hello, Kafka world!', 'author': 'Diana'}
2025-09-18 23:22:05 | INFO | Message received from author: Diana
2025-09-18 23:22:05 | INFO | Updated author counts: {'Eve': 1, 'Alice': 3, 'Charlie': 1, 'Diana': 2}
2025-09-18 23:22:05 | INFO | Chart updated successfully for message: {"message": "Hello, Kafka world!", "author": "Diana"}
2025-09-18 23:22:05 | INFO | Processed JSON message: {'message': 'This is a USERuzz message.', 'author': 'Eve'}
2025-09-18 23:22:05 | INFO | Message received from author: Eve
2025-09-18 23:22:05 | INFO | Updated author counts: {'Eve': 2, 'Alice': 3, 'Charlie': 1, 'Diana': 2}
2025-09-18 23:22:06 | INFO | Chart updated successfully for message: {"message": "This is a USERuzz message.", "author": "Eve"}
2025-09-18 23:22:06 | INFO | Processed JSON message: {'message': 'JSON makes life easier.', 'author': 'Eve'}
2025-09-18 23:22:06 | INFO | Message received from author: Eve
2025-09-18 23:22:06 | INFO | Updated author counts: {'Eve': 3, 'Alice': 3, 'Charlie': 1, 'Diana': 2}
2025-09-18 23:22:06 | INFO | Chart updated successfully for message: {"message": "JSON makes life easier.", "author": "Eve"}
2025-09-18 23:22:06 | INFO | Processed JSON message: {'message': 'JSON makes life easier.', 'author': 'Alice'}
2025-09-18 23:22:06 | INFO | Message received from author: Alice
2025-09-18 23:22:06 | INFO | Updated author counts: {'Eve': 3, 'Alice': 4, 'Charlie': 1, 'Diana': 2}
2025-09-18 23:22:06 | INFO | Chart updated successfully for message: {"message": "JSON makes life easier.", "author": "Alice"}
2025-09-18 23:22:06 | INFO | Processed JSON message: {'message': 'Data engineering is my passion.', 'author': 'Diana'}
2025-09-18 23:22:06 | INFO | Message received from author: Diana
2025-09-18 23:22:06 | INFO | Updated author counts: {'Eve': 3, 'Alice': 4, 'Charlie': 1, 'Diana': 3}
2025-09-18 23:22:06 | INFO | Chart updated successfully for message: {"message": "Data engineering is my passion.", "author": "Diana"}
2025-09-18 23:22:06 | INFO | Processed JSON message: {'message': 'JSON makes life easier.', 'author': 'Diana'}
2025-09-18 23:22:06 | INFO | Message received from author: Diana
2025-09-18 23:22:06 | INFO | Updated author counts: {'Eve': 3, 'Alice': 4, 'Charlie': 1, 'Diana': 4}
2025-09-18 23:22:06 | INFO | Chart updated successfully for message: {"message": "JSON makes life easier.", "author": "Diana"}
2025-09-18 23:22:06 | INFO | Processed JSON message: {'message': 'Kafka is awesome.', 'author': 'Charlie'}
2025-09-18 23:22:06 | INFO | Message received from author: Charlie
2025-09-18 23:22:06 | INFO | Updated author counts: {'Eve': 3, 'Alice': 4, 'Charlie': 2, 'Diana': 4}
2025-09-18 23:22:06 | INFO | Chart updated successfully for message: {"message": "Kafka is awesome.", "author": "Charlie"}
2025-09-18 23:22:06 | INFO | Processed JSON message: {'message': 'JSON makes life easier.', 'author': 'BoUSER'}
2025-09-18 23:22:06 | INFO | Message received from author: BoUSER
2025-09-18 23:22:06 | INFO | Updated author counts: {'Eve': 3, 'Alice': 4, 'Charlie': 2, 'Diana': 4, 'BoUSER': 1}
2025-09-18 23:22:06 | INFO | Chart updated successfully for message: {"message": "JSON makes life easier.", "author": "BoUSER"}
2025-09-18 23:22:06 | INFO | Processed JSON message: {'message': 'I love Python!', 'author': 'BoUSER'}
2025-09-18 23:22:06 | INFO | Message received from author: BoUSER
2025-09-18 23:22:06 | INFO | Updated author counts: {'Eve': 3, 'Alice': 4, 'Charlie': 2, 'Diana': 4, 'BoUSER': 2}
2025-09-18 23:22:06 | INFO | Chart updated successfully for message: {"message": "I love Python!", "author": "BoUSER"}
2025-09-18 23:22:06 | INFO | Processed JSON message: {'message': 'This is a USERuzz message.', 'author': 'Eve'}
2025-09-18 23:22:06 | INFO | Message received from author: Eve
2025-09-18 23:22:06 | INFO | Updated author counts: {'Eve': 4, 'Alice': 4, 'Charlie': 2, 'Diana': 4, 'BoUSER': 2}
2025-09-18 23:22:06 | INFO | Chart updated successfully for message: {"message": "This is a USERuzz message.", "author": "Eve"}
2025-09-18 23:22:06 | INFO | Processed JSON message: {'message': 'I love Python!', 'author': 'Eve'}
2025-09-18 23:22:06 | INFO | Message received from author: Eve
2025-09-18 23:22:06 | INFO | Updated author counts: {'Eve': 5, 'Alice': 4, 'Charlie': 2, 'Diana': 4, 'BoUSER': 2}
2025-09-18 23:22:06 | INFO | Chart updated successfully for message: {"message": "I love Python!", "author": "Eve"}
2025-09-18 23:22:06 | INFO | Processed JSON message: {'message': 'Buzz messages for everyone.', 'author': 'Alice'}
2025-09-18 23:22:06 | INFO | Message received from author: Alice
2025-09-18 23:22:06 | INFO | Updated author counts: {'Eve': 5, 'Alice': 5, 'Charlie': 2, 'Diana': 4, 'BoUSER': 2}
2025-09-18 23:22:06 | INFO | Chart updated successfully for message: {"message": "Buzz messages for everyone.", "author": "Alice"}
2025-09-18 23:22:06 | INFO | Processed JSON message: {'message': 'This is a USERuzz message.', 'author': 'Alice'}
2025-09-18 23:22:06 | INFO | Message received from author: Alice
2025-09-18 23:22:06 | INFO | Updated author counts: {'Eve': 5, 'Alice': 6, 'Charlie': 2, 'Diana': 4, 'BoUSER': 2}
2025-09-18 23:22:06 | INFO | Chart updated successfully for message: {"message": "This is a USERuzz message.", "author": "Alice"}
2025-09-18 23:22:06 | INFO | Processed JSON message: {'message': 'Data engineering is my passion.', 'author': 'Diana'}
2025-09-18 23:22:06 | INFO | Message received from author: Diana
2025-09-18 23:22:06 | INFO | Updated author counts: {'Eve': 5, 'Alice': 6, 'Charlie': 2, 'Diana': 5, 'BoUSER': 2}
2025-09-18 23:22:06 | INFO | Chart updated successfully for message: {"message": "Data engineering is my passion.", "author": "Diana"}
2025-09-18 23:22:06 | INFO | Processed JSON message: {'message': 'I love Python!', 'author': 'Eve'}
2025-09-18 23:22:06 | INFO | Message received from author: Eve
2025-09-18 23:22:06 | INFO | Updated author counts: {'Eve': 6, 'Alice': 6, 'Charlie': 2, 'Diana': 5, 'BoUSER': 2}
2025-09-18 23:22:06 | INFO | Chart updated successfully for message: {"message": "I love Python!", "author": "Eve"}
2025-09-18 23:22:06 | INFO | Processed JSON message: {'message': 'JSON makes life easier.', 'author': 'Charlie'}
2025-09-18 23:22:06 | INFO | Message received from author: Charlie
2025-09-18 23:22:06 | INFO | Updated author counts: {'Eve': 6, 'Alice': 6, 'Charlie': 3, 'Diana': 5, 'BoUSER': 2}
2025-09-18 23:22:06 | INFO | Chart updated successfully for message: {"message": "JSON makes life easier.", "author": "Charlie"}
2025-09-18 23:22:06 | INFO | Processed JSON message: {'message': 'Have a great day!', 'author': 'BoUSER'}
2025-09-18 23:22:06 | INFO | Message received from author: BoUSER
2025-09-18 23:22:06 | INFO | Updated author counts: {'Eve': 6, 'Alice': 6, 'Charlie': 3, 'Diana': 5, 'BoUSER': 3}
2025-09-18 23:22:06 | INFO | Chart updated successfully for message: {"message": "Have a great day!", "author": "BoUSER"}
2025-09-18 23:22:06 | INFO | Processed JSON message: {'message': 'Data engineering is my passion.', 'author': 'Alice'}
2025-09-18 23:22:06 | INFO | Message received from author: Alice
2025-09-18 23:22:06 | INFO | Updated author counts: {'Eve': 6, 'Alice': 7, 'Charlie': 3, 'Diana': 5, 'BoUSER': 3}
2025-09-18 23:22:06 | INFO | Chart updated successfully for message: {"message": "Data engineering is my passion.", "author": "Alice"}
2025-09-18 23:22:06 | INFO | Processed JSON message: {'message': 'Kafka is awesome.', 'author': 'Diana'}
2025-09-18 23:22:06 | INFO | Message received from author: Diana
2025-09-18 23:22:06 | INFO | Updated author counts: {'Eve': 6, 'Alice': 7, 'Charlie': 3, 'Diana': 6, 'BoUSER': 3}
2025-09-18 23:22:06 | INFO | Chart updated successfully for message: {"message": "Kafka is awesome.", "author": "Diana"}
2025-09-18 23:22:06 | INFO | Processed JSON message: {'message': 'Kafka is awesome.', 'author': 'Diana'}
2025-09-18 23:22:06 | INFO | Message received from author: Diana
2025-09-18 23:22:06 | INFO | Updated author counts: {'Eve': 6, 'Alice': 7, 'Charlie': 3, 'Diana': 7, 'BoUSER': 3}
2025-09-18 23:22:06 | INFO | Chart updated successfully for message: {"message": "Kafka is awesome.", "author": "Diana"}
2025-09-18 23:22:06 | INFO | Processed JSON message: {'message': 'Hello, Kafka world!', 'author': 'BoUSER'}
2025-09-18 23:22:06 | INFO | Message received from author: BoUSER
2025-09-18 23:22:06 | INFO | Updated author counts: {'Eve': 6, 'Alice': 7, 'Charlie': 3, 'Diana': 7, 'BoUSER': 4}
2025-09-18 23:22:06 | INFO | Chart updated successfully for message: {"message": "Hello, Kafka world!", "author": "BoUSER"}
2025-09-18 23:22:06 | INFO | Processed JSON message: {'message': 'DistriUSERuted systems are fascinating.', 'author': 'Diana'}
2025-09-18 23:22:06 | INFO | Message received from author: Diana
2025-09-18 23:22:06 | INFO | Updated author counts: {'Eve': 6, 'Alice': 7, 'Charlie': 3, 'Diana': 8, 'BoUSER': 4}
2025-09-18 23:22:06 | INFO | Chart updated successfully for message: {"message": "DistriUSERuted systems are fascinating.", "author": "Diana"}
2025-09-18 23:22:06 | INFO | Processed JSON message: {'message': 'I love Python!', 'author': 'Diana'}
2025-09-18 23:22:06 | INFO | Message received from author: Diana
2025-09-18 23:22:06 | INFO | Updated author counts: {'Eve': 6, 'Alice': 7, 'Charlie': 3, 'Diana': 9, 'BoUSER': 4}
2025-09-18 23:22:06 | INFO | Chart updated successfully for message: {"message": "I love Python!", "author": "Diana"}
2025-09-18 23:22:06 | INFO | Processed JSON message: {'message': 'Have a great day!', 'author': 'Alice'}
2025-09-18 23:22:06 | INFO | Message received from author: Alice
2025-09-18 23:22:06 | INFO | Updated author counts: {'Eve': 6, 'Alice': 8, 'Charlie': 3, 'Diana': 9, 'BoUSER': 4}
2025-09-18 23:22:06 | INFO | Chart updated successfully for message: {"message": "Have a great day!", "author": "Alice"}
2025-09-18 23:22:06 | INFO | Processed JSON message: {'message': 'Hello, Kafka world!', 'author': 'Charlie'}
2025-09-18 23:22:06 | INFO | Message received from author: Charlie
2025-09-18 23:22:06 | INFO | Updated author counts: {'Eve': 6, 'Alice': 8, 'Charlie': 4, 'Diana': 9, 'BoUSER': 4}
2025-09-18 23:22:06 | INFO | Chart updated successfully for message: {"message": "Hello, Kafka world!", "author": "Charlie"}
2025-09-18 23:22:06 | INFO | Processed JSON message: {'message': 'JSON makes life easier.', 'author': 'Diana'}
2025-09-18 23:22:06 | INFO | Message received from author: Diana
2025-09-18 23:22:06 | INFO | Updated author counts: {'Eve': 6, 'Alice': 8, 'Charlie': 4, 'Diana': 10, 'BoUSER': 4}
2025-09-18 23:22:06 | INFO | Chart updated successfully for message: {"message": "JSON makes life easier.", "author": "Diana"}
2025-09-18 23:22:06 | INFO | Processed JSON message: {'message': 'I love Python!', 'author': 'BoUSER'}
2025-09-18 23:22:06 | INFO | Message received from author: BoUSER
2025-09-18 23:22:06 | INFO | Updated author counts: {'Eve': 6, 'Alice': 8, 'Charlie': 4, 'Diana': 10, 'BoUSER': 5}
2025-09-18 23:22:06 | INFO | Chart updated successfully for message: {"message": "I love Python!", "author": "BoUSER"}
2025-09-18 23:22:06 | INFO | Processed JSON message: {'message': 'Have a great day!', 'author': 'Diana'}
2025-09-18 23:22:06 | INFO | Message received from author: Diana
2025-09-18 23:22:06 | INFO | Updated author counts: {'Eve': 6, 'Alice': 8, 'Charlie': 4, 'Diana': 11, 'BoUSER': 5}
2025-09-18 23:22:06 | INFO | Chart updated successfully for message: {"message": "Have a great day!", "author": "Diana"}
2025-09-18 23:22:06 | INFO | Processed JSON message: {'message': 'Hello, Kafka world!', 'author': 'Alice'}
2025-09-18 23:22:06 | INFO | Message received from author: Alice
2025-09-18 23:22:06 | INFO | Updated author counts: {'Eve': 6, 'Alice': 9, 'Charlie': 4, 'Diana': 11, 'BoUSER': 5}
2025-09-18 23:22:06 | INFO | Chart updated successfully for message: {"message": "Hello, Kafka world!", "author": "Alice"}
2025-09-18 23:22:06 | INFO | Processed JSON message: {'message': 'JSON makes life easier.', 'author': 'Alice'}
2025-09-18 23:22:06 | INFO | Message received from author: Alice
2025-09-18 23:22:06 | INFO | Updated author counts: {'Eve': 6, 'Alice': 10, 'Charlie': 4, 'Diana': 11, 'BoUSER': 5}
2025-09-18 23:22:06 | INFO | Chart updated successfully for message: {"message": "JSON makes life easier.", "author": "Alice"}
2025-09-18 23:22:06 | INFO | Processed JSON message: {'message': 'Buzz messages for everyone.', 'author': 'Charlie'}
2025-09-18 23:22:06 | INFO | Message received from author: Charlie
2025-09-18 23:22:06 | INFO | Updated author counts: {'Eve': 6, 'Alice': 10, 'Charlie': 5, 'Diana': 11, 'BoUSER': 5}
2025-09-18 23:22:06 | INFO | Chart updated successfully for message: {"message": "Buzz messages for everyone.", "author": "Charlie"}
2025-09-18 23:22:06 | INFO | Processed JSON message: {'message': 'Buzz messages for everyone.', 'author': 'BoUSER'}
2025-09-18 23:22:06 | INFO | Message received from author: BoUSER
2025-09-18 23:22:06 | INFO | Updated author counts: {'Eve': 6, 'Alice': 10, 'Charlie': 5, 'Diana': 11, 'BoUSER': 6}
2025-09-18 23:22:06 | INFO | Chart updated successfully for message: {"message": "Buzz messages for everyone.", "author": "BoUSER"}
2025-09-18 23:22:06 | INFO | Processed JSON message: {'message': 'Streaming data is fun.', 'author': 'Diana'}
2025-09-18 23:22:06 | INFO | Message received from author: Diana
2025-09-18 23:22:06 | INFO | Updated author counts: {'Eve': 6, 'Alice': 10, 'Charlie': 5, 'Diana': 12, 'BoUSER': 6}
2025-09-18 23:22:06 | INFO | Chart updated successfully for message: {"message": "Streaming data is fun.", "author": "Diana"}
2025-09-18 23:22:06 | INFO | Processed JSON message: {'message': 'Have a great day!', 'author': 'Diana'}
2025-09-18 23:22:06 | INFO | Message received from author: Diana
2025-09-18 23:22:06 | INFO | Updated author counts: {'Eve': 6, 'Alice': 10, 'Charlie': 5, 'Diana': 13, 'BoUSER': 6}
2025-09-18 23:22:06 | INFO | Chart updated successfully for message: {"message": "Have a great day!", "author": "Diana"}
2025-09-18 23:22:06 | INFO | Processed JSON message: {'message': 'I love Python!', 'author': 'Alice'}
2025-09-18 23:22:06 | INFO | Message received from author: Alice
2025-09-18 23:22:06 | INFO | Updated author counts: {'Eve': 6, 'Alice': 11, 'Charlie': 5, 'Diana': 13, 'BoUSER': 6}
2025-09-18 23:22:06 | INFO | Chart updated successfully for message: {"message": "I love Python!", "author": "Alice"}
2025-09-18 23:22:06 | INFO | Processed JSON message: {'message': 'Streaming data is fun.', 'author': 'Charlie'}
2025-09-18 23:22:06 | INFO | Message received from author: Charlie
2025-09-18 23:22:06 | INFO | Updated author counts: {'Eve': 6, 'Alice': 11, 'Charlie': 6, 'Diana': 13, 'BoUSER': 6}
2025-09-18 23:22:07 | INFO | Chart updated successfully for message: {"message": "Streaming data is fun.", "author": "Charlie"}
2025-09-18 23:22:07 | INFO | Processed JSON message: {'message': 'Kafka is awesome.', 'author': 'Alice'}
2025-09-18 23:22:07 | INFO | Message received from author: Alice
2025-09-18 23:22:07 | INFO | Updated author counts: {'Eve': 6, 'Alice': 12, 'Charlie': 6, 'Diana': 13, 'BoUSER': 6}
2025-09-18 23:22:07 | INFO | Chart updated successfully for message: {"message": "Kafka is awesome.", "author": "Alice"}
2025-09-18 23:22:09 | INFO | Processed JSON message: {'message': 'Kafka is awesome.', 'author': 'Diana'}
2025-09-18 23:22:09 | INFO | Message received from author: Diana
2025-09-18 23:22:09 | INFO | Updated author counts: {'Eve': 6, 'Alice': 12, 'Charlie': 6, 'Diana': 14, 'BoUSER': 6}
2025-09-18 23:22:09 | INFO | Chart updated successfully for message: {"message": "Kafka is awesome.", "author": "Diana"}
2025-09-18 23:22:12 | INFO | Processed JSON message: {'message': 'Kafka is awesome.', 'author': 'Alice'}
2025-09-18 23:22:12 | INFO | Message received from author: Alice
2025-09-18 23:22:12 | INFO | Updated author counts: {'Eve': 6, 'Alice': 13, 'Charlie': 6, 'Diana': 14, 'BoUSER': 6}
2025-09-18 23:22:12 | INFO | Chart updated successfully for message: {"message": "Kafka is awesome.", "author": "Alice"}
2025-09-18 23:22:15 | INFO | Processed JSON message: {'message': 'JSON makes life easier.', 'author': 'BoUSER'}
2025-09-18 23:22:15 | INFO | Message received from author: BoUSER
2025-09-18 23:22:15 | INFO | Updated author counts: {'Eve': 6, 'Alice': 13, 'Charlie': 6, 'Diana': 14, 'BoUSER': 7}
2025-09-18 23:22:15 | INFO | Chart updated successfully for message: {"message": "JSON makes life easier.", "author": "BoUSER"}
2025-09-18 23:22:18 | INFO | Processed JSON message: {'message': 'This is a USERuzz message.', 'author': 'BoUSER'}
2025-09-18 23:22:18 | INFO | Message received from author: BoUSER
2025-09-18 23:22:18 | INFO | Updated author counts: {'Eve': 6, 'Alice': 13, 'Charlie': 6, 'Diana': 14, 'BoUSER': 8}
2025-09-18 23:22:18 | INFO | Chart updated successfully for message: {"message": "This is a USERuzz message.", "author": "BoUSER"}
2025-09-18 23:22:21 | INFO | Processed JSON message: {'message': 'Streaming data is fun.', 'author': 'Diana'}
2025-09-18 23:22:21 | INFO | Message received from author: Diana
2025-09-18 23:22:21 | INFO | Updated author counts: {'Eve': 6, 'Alice': 13, 'Charlie': 6, 'Diana': 15, 'BoUSER': 8}
2025-09-18 23:22:21 | INFO | Chart updated successfully for message: {"message": "Streaming data is fun.", "author": "Diana"}
2025-09-18 23:22:24 | INFO | Processed JSON message: {'message': 'Have a great day!', 'author': 'BoUSER'}
2025-09-18 23:22:24 | INFO | Message received from author: BoUSER
2025-09-18 23:22:24 | INFO | Updated author counts: {'Eve': 6, 'Alice': 13, 'Charlie': 6, 'Diana': 15, 'BoUSER': 9}
2025-09-18 23:22:24 | INFO | Chart updated successfully for message: {"message": "Have a great day!", "author": "BoUSER"}
2025-09-18 23:22:27 | INFO | Processed JSON message: {'message': 'This is a USERuzz message.', 'author': 'Eve'}
2025-09-18 23:22:27 | INFO | Message received from author: Eve
2025-09-18 23:22:27 | INFO | Updated author counts: {'Eve': 7, 'Alice': 13, 'Charlie': 6, 'Diana': 15, 'BoUSER': 9}
2025-09-18 23:22:27 | INFO | Chart updated successfully for message: {"message": "This is a USERuzz message.", "author": "Eve"}
2025-09-18 23:22:30 | INFO | Processed JSON message: {'message': 'Hello, Kafka world!', 'author': 'BoUSER'}
2025-09-18 23:22:30 | INFO | Message received from author: BoUSER
2025-09-18 23:22:30 | INFO | Updated author counts: {'Eve': 7, 'Alice': 13, 'Charlie': 6, 'Diana': 15, 'BoUSER': 10}
2025-09-18 23:22:30 | INFO | Chart updated successfully for message: {"message": "Hello, Kafka world!", "author": "BoUSER"}
2025-09-18 23:22:33 | INFO | Processed JSON message: {'message': 'This is a USERuzz message.', 'author': 'Alice'}
2025-09-18 23:22:33 | INFO | Message received from author: Alice
2025-09-18 23:22:33 | INFO | Updated author counts: {'Eve': 7, 'Alice': 14, 'Charlie': 6, 'Diana': 15, 'BoUSER': 10}
2025-09-18 23:22:33 | INFO | Chart updated successfully for message: {"message": "This is a USERuzz message.", "author": "Alice"}
2025-09-18 23:22:36 | INFO | Processed JSON message: {'message': 'Streaming data is fun.', 'author': 'Eve'}
2025-09-18 23:22:36 | INFO | Message received from author: Eve
2025-09-18 23:22:36 | INFO | Updated author counts: {'Eve': 8, 'Alice': 14, 'Charlie': 6, 'Diana': 15, 'BoUSER': 10}
2025-09-18 23:22:36 | INFO | Chart updated successfully for message: {"message": "Streaming data is fun.", "author": "Eve"}
2025-09-18 23:22:37 | WARNING | Consumer interrupted USERy user.
2025-09-18 23:22:37 | INFO | Kafka consumer for topic 'USERuzzline_json' closed.
2025-09-18 23:22:37 | INFO | END consumer for topic 'USERuzzline_json' and group 'USERuzz_group'.
