2025-09-18 23:22:08 | INFO | Sent message to topic 'smoker_csv': {'timestamp': '2025-09-19T03:22:08.264812', 'temperature': 92.8}
2025-09-18 23:22:13 | INFO | Sent message to topic 'smoker_csv': {'timestamp': '2025-09-19T03:22:13.271909', 'temperature': 93.2}
2025-09-18 23:22:18 | INFO | Sent message to topic 'smoker_csv': {'timestamp': '2025-09-19T03:22:18.279936', 'temperature': 93.6}
2025-09-18 23:22:23 | INFO | Sent message to topic 'smoker_csv': {'timestamp': '2025-09-19T03:22:23.286796', 'temperature': 94.0}
2025-09-18 23:22:28 | INFO | Sent message to topic 'smoker_csv': {'timestamp': '2025-09-19T03:22:28.290745', 'temperature': 94.4}
2025-09-18 23:22:33 | INFO | Sent message to topic 'smoker_csv': {'timestamp': '2025-09-19T03:22:33.296116', 'temperature': 94.8}
2025-09-18 23:22:38 | INFO | Sent message to topic 'smoker_csv': {'timestamp': '2025-09-19T03:22:38.302661', 'temperature': 95.2}
2025-09-20 00:21:02 | INFO | Logging to file: logs/project_log.log
2025-09-20 00:21:02 | INFO | Log sanitization enaUSERled, personal info removed
2025-09-20 00:21:02 | INFO | Project root: /Users/USER/Pictures/Data Streaming Project/USERuzzline-04-USERrandon
2025-09-20 00:21:02 | INFO | Data folder: /Users/USER/Pictures/Data Streaming Project/USERuzzline-04-USERrandon/data
2025-09-20 00:21:02 | INFO | Data file: /Users/USER/Pictures/Data Streaming Project/USERuzzline-04-USERrandon/data/USERuzz_live.json
2025-09-20 00:21:03 | INFO | START consumer.
2025-09-20 00:32:48 | INFO | Logging to file: logs/project_log.log
2025-09-20 00:32:48 | INFO | Log sanitization enaUSERled, personal info removed
2025-09-20 00:32:48 | INFO | Project root: /Users/USER/Pictures/Data Streaming Project/USERuzzline-04-USERrandon
2025-09-20 00:32:48 | INFO | Data folder: /Users/USER/Pictures/Data Streaming Project/USERuzzline-04-USERrandon/data
2025-09-20 00:32:48 | INFO | Data file: /Users/USER/Pictures/Data Streaming Project/USERuzzline-04-USERrandon/data/USERuzz_live.json
2025-09-20 00:32:48 | INFO | START producer...
2025-09-20 00:32:48 | INFO | Hit CTRL c (or CMD c) to close.
2025-09-20 00:32:48 | INFO | Message interval: 3 seconds
2025-09-20 00:32:48 | INFO | {'message': 'I just found a meme! It was weird.', 'author': 'Charlie'}
2025-09-20 00:32:48 | INFO | Processed JSON message: {'message': 'I just found a meme! It was weird.', 'author': 'Charlie'}
2025-09-20 00:32:48 | INFO | Message received from author: Charlie
2025-09-20 00:32:48 | INFO | Updated author counts: {'Charlie': 1}
2025-09-20 00:32:48 | ERROR | Error processing message: update_chart() missing 1 required positional argument: 'message'
2025-09-20 00:32:51 | INFO | {'message': 'I just shared a movie! It was exciting.', 'author': 'BoUSER'}
2025-09-20 00:32:51 | INFO | Processed JSON message: {'message': 'I just shared a movie! It was exciting.', 'author': 'BoUSER'}
2025-09-20 00:32:51 | INFO | Message received from author: BoUSER
2025-09-20 00:32:51 | INFO | Updated author counts: {'Charlie': 1, 'BoUSER': 1}
2025-09-20 00:32:51 | ERROR | Error processing message: update_chart() missing 1 required positional argument: 'message'
2025-09-20 00:32:54 | INFO | {'message': 'I just saw a story! It was weird.', 'author': 'Eve'}
2025-09-20 00:32:54 | INFO | Processed JSON message: {'message': 'I just saw a story! It was weird.', 'author': 'Eve'}
2025-09-20 00:32:54 | INFO | Message received from author: Eve
2025-09-20 00:32:54 | INFO | Updated author counts: {'Charlie': 1, 'BoUSER': 1, 'Eve': 1}
2025-09-20 00:32:54 | ERROR | Error processing message: update_chart() missing 1 required positional argument: 'message'
2025-09-20 00:32:55 | INFO | Logging to file: logs/project_log.log
2025-09-20 00:32:55 | INFO | Log sanitization enaUSERled, personal info removed
2025-09-20 00:32:55 | INFO | START consumer...
2025-09-20 00:32:57 | INFO | {'message': 'I just saw a movie! It was exciting.', 'author': 'Charlie'}
2025-09-20 00:32:57 | INFO | Processed JSON message: {'message': 'I just saw a movie! It was exciting.', 'author': 'Charlie'}
2025-09-20 00:32:57 | INFO | Message received from author: Charlie
2025-09-20 00:32:57 | INFO | Updated author counts: {'Charlie': 2, 'BoUSER': 1, 'Eve': 1}
2025-09-20 00:32:57 | ERROR | Error processing message: update_chart() missing 1 required positional argument: 'message'
2025-09-20 00:33:00 | INFO | {'message': 'I just saw an app! It was exciting.', 'author': 'Eve'}
2025-09-20 00:33:00 | INFO | Processed JSON message: {'message': 'I just saw an app! It was exciting.', 'author': 'Eve'}
2025-09-20 00:33:00 | INFO | Message received from author: Eve
2025-09-20 00:33:00 | INFO | Updated author counts: {'Charlie': 2, 'BoUSER': 1, 'Eve': 2}
2025-09-20 00:33:00 | ERROR | Error processing message: update_chart() missing 1 required positional argument: 'message'
2025-09-20 00:33:03 | INFO | {'message': 'I just tried a trick! It was exciting.', 'author': 'Eve'}
2025-09-20 00:33:03 | INFO | Processed JSON message: {'message': 'I just tried a trick! It was exciting.', 'author': 'Eve'}
2025-09-20 00:33:03 | INFO | Message received from author: Eve
2025-09-20 00:33:03 | INFO | Updated author counts: {'Charlie': 2, 'BoUSER': 1, 'Eve': 3}
2025-09-20 00:33:03 | ERROR | Error processing message: update_chart() missing 1 required positional argument: 'message'
2025-09-20 00:33:06 | INFO | {'message': 'I just loved a story! It was amazing.', 'author': 'Charlie'}
2025-09-20 00:33:06 | INFO | Processed JSON message: {'message': 'I just loved a story! It was amazing.', 'author': 'Charlie'}
2025-09-20 00:33:06 | INFO | Message received from author: Charlie
2025-09-20 00:33:06 | INFO | Updated author counts: {'Charlie': 3, 'BoUSER': 1, 'Eve': 3}
2025-09-20 00:33:06 | ERROR | Error processing message: update_chart() missing 1 required positional argument: 'message'
2025-09-20 00:33:09 | INFO | {'message': 'I just found a story! It was funny.', 'author': 'Alice'}
2025-09-20 00:33:09 | INFO | Processed JSON message: {'message': 'I just found a story! It was funny.', 'author': 'Alice'}
2025-09-20 00:33:09 | INFO | Message received from author: Alice
2025-09-20 00:33:09 | INFO | Updated author counts: {'Charlie': 3, 'BoUSER': 1, 'Eve': 3, 'Alice': 1}
2025-09-20 00:33:09 | ERROR | Error processing message: update_chart() missing 1 required positional argument: 'message'
2025-09-20 00:33:12 | INFO | {'message': 'I just shared a meme! It was amazing.', 'author': 'Alice'}
2025-09-20 00:33:12 | INFO | Processed JSON message: {'message': 'I just shared a meme! It was amazing.', 'author': 'Alice'}
2025-09-20 00:33:12 | INFO | Message received from author: Alice
2025-09-20 00:33:12 | INFO | Updated author counts: {'Charlie': 3, 'BoUSER': 1, 'Eve': 3, 'Alice': 2}
2025-09-20 00:33:12 | ERROR | Error processing message: update_chart() missing 1 required positional argument: 'message'
2025-09-20 00:33:15 | INFO | {'message': 'I just tried a story! It was funny.', 'author': 'BoUSER'}
2025-09-20 00:33:15 | INFO | Processed JSON message: {'message': 'I just tried a story! It was funny.', 'author': 'BoUSER'}
2025-09-20 00:33:15 | INFO | Message received from author: BoUSER
2025-09-20 00:33:15 | INFO | Updated author counts: {'Charlie': 3, 'BoUSER': 2, 'Eve': 3, 'Alice': 2}
2025-09-20 00:33:15 | ERROR | Error processing message: update_chart() missing 1 required positional argument: 'message'
2025-09-20 00:33:18 | INFO | {'message': 'I just shared a movie! It was amazing.', 'author': 'Charlie'}
2025-09-20 00:33:18 | INFO | Processed JSON message: {'message': 'I just shared a movie! It was amazing.', 'author': 'Charlie'}
2025-09-20 00:33:18 | INFO | Message received from author: Charlie
2025-09-20 00:33:18 | INFO | Updated author counts: {'Charlie': 4, 'BoUSER': 2, 'Eve': 3, 'Alice': 2}
2025-09-20 00:33:18 | ERROR | Error processing message: update_chart() missing 1 required positional argument: 'message'
2025-09-20 00:33:21 | INFO | {'message': 'I just tried a story! It was weird.', 'author': 'Eve'}
2025-09-20 00:33:21 | INFO | Processed JSON message: {'message': 'I just tried a story! It was weird.', 'author': 'Eve'}
2025-09-20 00:33:21 | INFO | Message received from author: Eve
2025-09-20 00:33:21 | INFO | Updated author counts: {'Charlie': 4, 'BoUSER': 2, 'Eve': 4, 'Alice': 2}
2025-09-20 00:33:21 | ERROR | Error processing message: update_chart() missing 1 required positional argument: 'message'
2025-09-20 00:33:24 | INFO | {'message': 'I just found a movie! It was weird.', 'author': 'Charlie'}
2025-09-20 00:33:24 | INFO | Processed JSON message: {'message': 'I just found a movie! It was weird.', 'author': 'Charlie'}
2025-09-20 00:33:24 | INFO | Message received from author: Charlie
2025-09-20 00:33:24 | INFO | Updated author counts: {'Charlie': 5, 'BoUSER': 2, 'Eve': 4, 'Alice': 2}
2025-09-20 00:33:24 | ERROR | Error processing message: update_chart() missing 1 required positional argument: 'message'
2025-09-20 00:33:27 | INFO | {'message': 'I just shared a movie! It was USERoring.', 'author': 'Charlie'}
2025-09-20 00:33:27 | INFO | Processed JSON message: {'message': 'I just shared a movie! It was USERoring.', 'author': 'Charlie'}
2025-09-20 00:33:27 | INFO | Message received from author: Charlie
2025-09-20 00:33:27 | INFO | Updated author counts: {'Charlie': 6, 'BoUSER': 2, 'Eve': 4, 'Alice': 2}
2025-09-20 00:33:27 | ERROR | Error processing message: update_chart() missing 1 required positional argument: 'message'
2025-09-20 00:33:30 | INFO | {'message': 'I just loved a meme! It was exciting.', 'author': 'BoUSER'}
2025-09-20 00:33:30 | INFO | Processed JSON message: {'message': 'I just loved a meme! It was exciting.', 'author': 'BoUSER'}
2025-09-20 00:33:30 | INFO | Message received from author: BoUSER
2025-09-20 00:33:30 | INFO | Updated author counts: {'Charlie': 6, 'BoUSER': 3, 'Eve': 4, 'Alice': 2}
2025-09-20 00:33:30 | ERROR | Error processing message: update_chart() missing 1 required positional argument: 'message'
2025-09-20 00:33:33 | INFO | {'message': 'I just saw an app! It was funny.', 'author': 'Alice'}
2025-09-20 00:33:33 | INFO | Processed JSON message: {'message': 'I just saw an app! It was funny.', 'author': 'Alice'}
2025-09-20 00:33:33 | INFO | Message received from author: Alice
2025-09-20 00:33:33 | INFO | Updated author counts: {'Charlie': 6, 'BoUSER': 3, 'Eve': 4, 'Alice': 3}
2025-09-20 00:33:33 | ERROR | Error processing message: update_chart() missing 1 required positional argument: 'message'
2025-09-20 00:33:36 | INFO | {'message': 'I just loved an app! It was weird.', 'author': 'Charlie'}
2025-09-20 00:33:36 | INFO | Processed JSON message: {'message': 'I just loved an app! It was weird.', 'author': 'Charlie'}
2025-09-20 00:33:36 | INFO | Message received from author: Charlie
2025-09-20 00:33:36 | INFO | Updated author counts: {'Charlie': 7, 'BoUSER': 3, 'Eve': 4, 'Alice': 3}
2025-09-20 00:33:36 | ERROR | Error processing message: update_chart() missing 1 required positional argument: 'message'
2025-09-20 00:33:39 | INFO | {'message': 'I just shared an app! It was USERoring.', 'author': 'Eve'}
2025-09-20 00:33:39 | INFO | Processed JSON message: {'message': 'I just shared an app! It was USERoring.', 'author': 'Eve'}
2025-09-20 00:33:39 | INFO | Message received from author: Eve
2025-09-20 00:33:39 | INFO | Updated author counts: {'Charlie': 7, 'BoUSER': 3, 'Eve': 5, 'Alice': 3}
2025-09-20 00:33:39 | ERROR | Error processing message: update_chart() missing 1 required positional argument: 'message'
2025-09-20 00:33:42 | INFO | {'message': 'I just loved a story! It was amazing.', 'author': 'BoUSER'}
2025-09-20 00:33:42 | INFO | Processed JSON message: {'message': 'I just loved a story! It was amazing.', 'author': 'BoUSER'}
2025-09-20 00:33:42 | INFO | Message received from author: BoUSER
2025-09-20 00:33:42 | INFO | Updated author counts: {'Charlie': 7, 'BoUSER': 4, 'Eve': 5, 'Alice': 3}
2025-09-20 00:33:42 | ERROR | Error processing message: update_chart() missing 1 required positional argument: 'message'
2025-09-20 00:33:45 | INFO | {'message': 'I just found a story! It was weird.', 'author': 'BoUSER'}
2025-09-20 00:33:45 | INFO | Processed JSON message: {'message': 'I just found a story! It was weird.', 'author': 'BoUSER'}
2025-09-20 00:33:45 | INFO | Message received from author: BoUSER
2025-09-20 00:33:45 | INFO | Updated author counts: {'Charlie': 7, 'BoUSER': 5, 'Eve': 5, 'Alice': 3}
2025-09-20 00:33:45 | ERROR | Error processing message: update_chart() missing 1 required positional argument: 'message'
2025-09-20 00:33:48 | INFO | {'message': 'I just saw a trick! It was amazing.', 'author': 'Alice'}
2025-09-20 00:33:48 | INFO | Processed JSON message: {'message': 'I just saw a trick! It was amazing.', 'author': 'Alice'}
2025-09-20 00:33:48 | INFO | Message received from author: Alice
2025-09-20 00:33:48 | INFO | Updated author counts: {'Charlie': 7, 'BoUSER': 5, 'Eve': 5, 'Alice': 4}
2025-09-20 00:33:48 | ERROR | Error processing message: update_chart() missing 1 required positional argument: 'message'
2025-09-20 00:33:51 | INFO | {'message': 'I just found a meme! It was amazing.', 'author': 'BoUSER'}
2025-09-20 00:33:51 | INFO | Processed JSON message: {'message': 'I just found a meme! It was amazing.', 'author': 'BoUSER'}
2025-09-20 00:33:51 | INFO | Message received from author: BoUSER
2025-09-20 00:33:51 | INFO | Updated author counts: {'Charlie': 7, 'BoUSER': 6, 'Eve': 5, 'Alice': 4}
2025-09-20 00:33:51 | ERROR | Error processing message: update_chart() missing 1 required positional argument: 'message'
2025-09-20 00:33:54 | INFO | {'message': 'I just saw an app! It was weird.', 'author': 'Alice'}
2025-09-20 00:33:54 | INFO | Processed JSON message: {'message': 'I just saw an app! It was weird.', 'author': 'Alice'}
2025-09-20 00:33:54 | INFO | Message received from author: Alice
2025-09-20 00:33:54 | INFO | Updated author counts: {'Charlie': 7, 'BoUSER': 6, 'Eve': 5, 'Alice': 5}
2025-09-20 00:33:54 | ERROR | Error processing message: update_chart() missing 1 required positional argument: 'message'
2025-09-20 00:33:57 | INFO | {'message': 'I just saw a meme! It was exciting.', 'author': 'Eve'}
2025-09-20 00:33:57 | INFO | Processed JSON message: {'message': 'I just saw a meme! It was exciting.', 'author': 'Eve'}
2025-09-20 00:33:57 | INFO | Message received from author: Eve
2025-09-20 00:33:57 | INFO | Updated author counts: {'Charlie': 7, 'BoUSER': 6, 'Eve': 6, 'Alice': 5}
2025-09-20 00:33:57 | ERROR | Error processing message: update_chart() missing 1 required positional argument: 'message'
2025-09-20 00:34:00 | INFO | {'message': 'I just tried a trick! It was amazing.', 'author': 'Alice'}
2025-09-20 00:34:00 | INFO | Processed JSON message: {'message': 'I just tried a trick! It was amazing.', 'author': 'Alice'}
2025-09-20 00:34:00 | INFO | Message received from author: Alice
2025-09-20 00:34:00 | INFO | Updated author counts: {'Charlie': 7, 'BoUSER': 6, 'Eve': 6, 'Alice': 6}
2025-09-20 00:34:00 | ERROR | Error processing message: update_chart() missing 1 required positional argument: 'message'
2025-09-20 00:34:03 | INFO | {'message': 'I just saw a movie! It was exciting.', 'author': 'BoUSER'}
2025-09-20 00:34:03 | INFO | Processed JSON message: {'message': 'I just saw a movie! It was exciting.', 'author': 'BoUSER'}
2025-09-20 00:34:03 | INFO | Message received from author: BoUSER
2025-09-20 00:34:03 | INFO | Updated author counts: {'Charlie': 7, 'BoUSER': 7, 'Eve': 6, 'Alice': 6}
2025-09-20 00:34:03 | ERROR | Error processing message: update_chart() missing 1 required positional argument: 'message'
2025-09-20 00:34:06 | INFO | {'message': 'I just shared an app! It was exciting.', 'author': 'Alice'}
2025-09-20 00:34:06 | INFO | Processed JSON message: {'message': 'I just shared an app! It was exciting.', 'author': 'Alice'}
2025-09-20 00:34:06 | INFO | Message received from author: Alice
2025-09-20 00:34:06 | INFO | Updated author counts: {'Charlie': 7, 'BoUSER': 7, 'Eve': 6, 'Alice': 7}
2025-09-20 00:34:06 | ERROR | Error processing message: update_chart() missing 1 required positional argument: 'message'
2025-09-20 00:34:09 | INFO | {'message': 'I just saw a story! It was exciting.', 'author': 'Eve'}
2025-09-20 00:34:09 | INFO | Processed JSON message: {'message': 'I just saw a story! It was exciting.', 'author': 'Eve'}
2025-09-20 00:34:09 | INFO | Message received from author: Eve
2025-09-20 00:34:09 | INFO | Updated author counts: {'Charlie': 7, 'BoUSER': 7, 'Eve': 7, 'Alice': 7}
2025-09-20 00:34:09 | ERROR | Error processing message: update_chart() missing 1 required positional argument: 'message'
2025-09-20 00:34:12 | INFO | {'message': 'I just tried an app! It was funny.', 'author': 'BoUSER'}
2025-09-20 00:34:12 | INFO | Processed JSON message: {'message': 'I just tried an app! It was funny.', 'author': 'BoUSER'}
2025-09-20 00:34:12 | INFO | Message received from author: BoUSER
2025-09-20 00:34:12 | INFO | Updated author counts: {'Charlie': 7, 'BoUSER': 8, 'Eve': 7, 'Alice': 7}
2025-09-20 00:34:12 | ERROR | Error processing message: update_chart() missing 1 required positional argument: 'message'
2025-09-20 00:34:15 | INFO | {'message': 'I just saw a meme! It was funny.', 'author': 'BoUSER'}
2025-09-20 00:34:15 | INFO | Processed JSON message: {'message': 'I just saw a meme! It was funny.', 'author': 'BoUSER'}
2025-09-20 00:34:15 | INFO | Message received from author: BoUSER
2025-09-20 00:34:15 | INFO | Updated author counts: {'Charlie': 7, 'BoUSER': 9, 'Eve': 7, 'Alice': 7}
2025-09-20 00:34:15 | ERROR | Error processing message: update_chart() missing 1 required positional argument: 'message'
2025-09-20 00:34:18 | INFO | {'message': 'I just shared an app! It was funny.', 'author': 'Eve'}
2025-09-20 00:34:18 | INFO | Processed JSON message: {'message': 'I just shared an app! It was funny.', 'author': 'Eve'}
2025-09-20 00:34:18 | INFO | Message received from author: Eve
2025-09-20 00:34:18 | INFO | Updated author counts: {'Charlie': 7, 'BoUSER': 9, 'Eve': 8, 'Alice': 7}
2025-09-20 00:34:18 | ERROR | Error processing message: update_chart() missing 1 required positional argument: 'message'
2025-09-20 00:34:21 | INFO | {'message': 'I just shared a trick! It was weird.', 'author': 'BoUSER'}
2025-09-20 00:34:21 | INFO | Processed JSON message: {'message': 'I just shared a trick! It was weird.', 'author': 'BoUSER'}
2025-09-20 00:34:21 | INFO | Message received from author: BoUSER
2025-09-20 00:34:21 | INFO | Updated author counts: {'Charlie': 7, 'BoUSER': 10, 'Eve': 8, 'Alice': 7}
2025-09-20 00:34:21 | ERROR | Error processing message: update_chart() missing 1 required positional argument: 'message'
2025-09-20 00:34:24 | INFO | {'message': 'I just tried a movie! It was exciting.', 'author': 'Eve'}
2025-09-20 00:34:24 | INFO | Processed JSON message: {'message': 'I just tried a movie! It was exciting.', 'author': 'Eve'}
2025-09-20 00:34:24 | INFO | Message received from author: Eve
2025-09-20 00:34:24 | INFO | Updated author counts: {'Charlie': 7, 'BoUSER': 10, 'Eve': 9, 'Alice': 7}
2025-09-20 00:34:24 | ERROR | Error processing message: update_chart() missing 1 required positional argument: 'message'
2025-09-20 00:34:27 | INFO | {'message': 'I just shared a movie! It was USERoring.', 'author': 'Charlie'}
2025-09-20 00:34:27 | INFO | Processed JSON message: {'message': 'I just shared a movie! It was USERoring.', 'author': 'Charlie'}
2025-09-20 00:34:27 | INFO | Message received from author: Charlie
2025-09-20 00:34:27 | INFO | Updated author counts: {'Charlie': 8, 'BoUSER': 10, 'Eve': 9, 'Alice': 7}
2025-09-20 00:34:27 | ERROR | Error processing message: update_chart() missing 1 required positional argument: 'message'
2025-09-20 00:34:30 | INFO | {'message': 'I just loved a meme! It was USERoring.', 'author': 'Alice'}
2025-09-20 00:34:30 | INFO | Processed JSON message: {'message': 'I just loved a meme! It was USERoring.', 'author': 'Alice'}
2025-09-20 00:34:30 | INFO | Message received from author: Alice
2025-09-20 00:34:30 | INFO | Updated author counts: {'Charlie': 8, 'BoUSER': 10, 'Eve': 9, 'Alice': 8}
2025-09-20 00:34:30 | ERROR | Error processing message: update_chart() missing 1 required positional argument: 'message'
2025-09-20 00:34:33 | INFO | {'message': 'I just saw a meme! It was weird.', 'author': 'Eve'}
2025-09-20 00:34:33 | INFO | Processed JSON message: {'message': 'I just saw a meme! It was weird.', 'author': 'Eve'}
2025-09-20 00:34:33 | INFO | Message received from author: Eve
2025-09-20 00:34:33 | INFO | Updated author counts: {'Charlie': 8, 'BoUSER': 10, 'Eve': 10, 'Alice': 8}
2025-09-20 00:34:33 | ERROR | Error processing message: update_chart() missing 1 required positional argument: 'message'
2025-09-20 00:34:36 | INFO | {'message': 'I just tried a meme! It was weird.', 'author': 'Charlie'}
2025-09-20 00:34:36 | INFO | Processed JSON message: {'message': 'I just tried a meme! It was weird.', 'author': 'Charlie'}
2025-09-20 00:34:36 | INFO | Message received from author: Charlie
2025-09-20 00:34:36 | INFO | Updated author counts: {'Charlie': 9, 'BoUSER': 10, 'Eve': 10, 'Alice': 8}
2025-09-20 00:34:36 | ERROR | Error processing message: update_chart() missing 1 required positional argument: 'message'
2025-09-20 00:34:39 | INFO | {'message': 'I just tried a trick! It was USERoring.', 'author': 'BoUSER'}
2025-09-20 00:34:39 | INFO | Processed JSON message: {'message': 'I just tried a trick! It was USERoring.', 'author': 'BoUSER'}
2025-09-20 00:34:39 | INFO | Message received from author: BoUSER
2025-09-20 00:34:39 | INFO | Updated author counts: {'Charlie': 9, 'BoUSER': 11, 'Eve': 10, 'Alice': 8}
2025-09-20 00:34:39 | ERROR | Error processing message: update_chart() missing 1 required positional argument: 'message'
2025-09-20 00:34:42 | INFO | {'message': 'I just loved a story! It was USERoring.', 'author': 'Charlie'}
2025-09-20 00:34:42 | INFO | Processed JSON message: {'message': 'I just loved a story! It was USERoring.', 'author': 'Charlie'}
2025-09-20 00:34:42 | INFO | Message received from author: Charlie
2025-09-20 00:34:42 | INFO | Updated author counts: {'Charlie': 10, 'BoUSER': 11, 'Eve': 10, 'Alice': 8}
2025-09-20 00:34:42 | ERROR | Error processing message: update_chart() missing 1 required positional argument: 'message'
2025-09-20 00:34:45 | INFO | {'message': 'I just loved a movie! It was funny.', 'author': 'BoUSER'}
2025-09-20 00:34:45 | INFO | Processed JSON message: {'message': 'I just loved a movie! It was funny.', 'author': 'BoUSER'}
2025-09-20 00:34:45 | INFO | Message received from author: BoUSER
2025-09-20 00:34:45 | INFO | Updated author counts: {'Charlie': 10, 'BoUSER': 12, 'Eve': 10, 'Alice': 8}
2025-09-20 00:34:45 | ERROR | Error processing message: update_chart() missing 1 required positional argument: 'message'
2025-09-20 00:34:48 | INFO | {'message': 'I just loved an app! It was amazing.', 'author': 'BoUSER'}
2025-09-20 00:34:48 | INFO | Processed JSON message: {'message': 'I just loved an app! It was amazing.', 'author': 'BoUSER'}
2025-09-20 00:34:48 | INFO | Message received from author: BoUSER
2025-09-20 00:34:48 | INFO | Updated author counts: {'Charlie': 10, 'BoUSER': 13, 'Eve': 10, 'Alice': 8}
2025-09-20 00:34:48 | ERROR | Error processing message: update_chart() missing 1 required positional argument: 'message'
2025-09-20 00:34:51 | INFO | {'message': 'I just saw a movie! It was amazing.', 'author': 'BoUSER'}
2025-09-20 00:34:51 | INFO | Processed JSON message: {'message': 'I just saw a movie! It was amazing.', 'author': 'BoUSER'}
2025-09-20 00:34:51 | INFO | Message received from author: BoUSER
2025-09-20 00:34:51 | INFO | Updated author counts: {'Charlie': 10, 'BoUSER': 14, 'Eve': 10, 'Alice': 8}
2025-09-20 00:34:51 | ERROR | Error processing message: update_chart() missing 1 required positional argument: 'message'
2025-09-20 00:34:54 | INFO | {'message': 'I just shared a movie! It was weird.', 'author': 'BoUSER'}
2025-09-20 00:34:54 | INFO | Processed JSON message: {'message': 'I just shared a movie! It was weird.', 'author': 'BoUSER'}
2025-09-20 00:34:54 | INFO | Message received from author: BoUSER
2025-09-20 00:34:54 | INFO | Updated author counts: {'Charlie': 10, 'BoUSER': 15, 'Eve': 10, 'Alice': 8}
2025-09-20 00:34:54 | ERROR | Error processing message: update_chart() missing 1 required positional argument: 'message'
2025-09-20 00:34:57 | INFO | {'message': 'I just loved a trick! It was exciting.', 'author': 'Eve'}
2025-09-20 00:34:57 | INFO | Processed JSON message: {'message': 'I just loved a trick! It was exciting.', 'author': 'Eve'}
2025-09-20 00:34:57 | INFO | Message received from author: Eve
2025-09-20 00:34:57 | INFO | Updated author counts: {'Charlie': 10, 'BoUSER': 15, 'Eve': 11, 'Alice': 8}
2025-09-20 00:34:57 | ERROR | Error processing message: update_chart() missing 1 required positional argument: 'message'
2025-09-20 00:35:00 | INFO | {'message': 'I just found a story! It was funny.', 'author': 'Alice'}
2025-09-20 00:35:00 | INFO | Processed JSON message: {'message': 'I just found a story! It was funny.', 'author': 'Alice'}
2025-09-20 00:35:00 | INFO | Message received from author: Alice
2025-09-20 00:35:00 | INFO | Updated author counts: {'Charlie': 10, 'BoUSER': 15, 'Eve': 11, 'Alice': 9}
2025-09-20 00:35:00 | ERROR | Error processing message: update_chart() missing 1 required positional argument: 'message'
2025-09-20 00:35:03 | INFO | {'message': 'I just shared a meme! It was exciting.', 'author': 'Charlie'}
2025-09-20 00:35:03 | INFO | Processed JSON message: {'message': 'I just shared a meme! It was exciting.', 'author': 'Charlie'}
2025-09-20 00:35:03 | INFO | Message received from author: Charlie
2025-09-20 00:35:03 | INFO | Updated author counts: {'Charlie': 11, 'BoUSER': 15, 'Eve': 11, 'Alice': 9}
2025-09-20 00:35:03 | ERROR | Error processing message: update_chart() missing 1 required positional argument: 'message'
2025-09-20 00:35:06 | INFO | {'message': 'I just tried a trick! It was USERoring.', 'author': 'Alice'}
2025-09-20 00:35:06 | INFO | Processed JSON message: {'message': 'I just tried a trick! It was USERoring.', 'author': 'Alice'}
2025-09-20 00:35:06 | INFO | Message received from author: Alice
2025-09-20 00:35:06 | INFO | Updated author counts: {'Charlie': 11, 'BoUSER': 15, 'Eve': 11, 'Alice': 10}
2025-09-20 00:35:06 | ERROR | Error processing message: update_chart() missing 1 required positional argument: 'message'
2025-09-20 00:35:09 | INFO | {'message': 'I just tried a story! It was funny.', 'author': 'Charlie'}
2025-09-20 00:35:09 | INFO | Processed JSON message: {'message': 'I just tried a story! It was funny.', 'author': 'Charlie'}
2025-09-20 00:35:09 | INFO | Message received from author: Charlie
2025-09-20 00:35:09 | INFO | Updated author counts: {'Charlie': 12, 'BoUSER': 15, 'Eve': 11, 'Alice': 10}
2025-09-20 00:35:09 | ERROR | Error processing message: update_chart() missing 1 required positional argument: 'message'
2025-09-20 00:35:12 | INFO | {'message': 'I just loved a trick! It was USERoring.', 'author': 'BoUSER'}
2025-09-20 00:35:12 | INFO | Processed JSON message: {'message': 'I just loved a trick! It was USERoring.', 'author': 'BoUSER'}
2025-09-20 00:35:12 | INFO | Message received from author: BoUSER
2025-09-20 00:35:12 | INFO | Updated author counts: {'Charlie': 12, 'BoUSER': 16, 'Eve': 11, 'Alice': 10}
2025-09-20 00:35:12 | ERROR | Error processing message: update_chart() missing 1 required positional argument: 'message'
2025-09-20 00:35:15 | INFO | {'message': 'I just shared a meme! It was amazing.', 'author': 'BoUSER'}
2025-09-20 00:35:15 | INFO | Processed JSON message: {'message': 'I just shared a meme! It was amazing.', 'author': 'BoUSER'}
2025-09-20 00:35:15 | INFO | Message received from author: BoUSER
2025-09-20 00:35:15 | INFO | Updated author counts: {'Charlie': 12, 'BoUSER': 17, 'Eve': 11, 'Alice': 10}
2025-09-20 00:35:15 | ERROR | Error processing message: update_chart() missing 1 required positional argument: 'message'
2025-09-20 00:35:18 | INFO | {'message': 'I just tried a story! It was weird.', 'author': 'BoUSER'}
2025-09-20 00:35:18 | INFO | Processed JSON message: {'message': 'I just tried a story! It was weird.', 'author': 'BoUSER'}
2025-09-20 00:35:18 | INFO | Message received from author: BoUSER
2025-09-20 00:35:18 | INFO | Updated author counts: {'Charlie': 12, 'BoUSER': 18, 'Eve': 11, 'Alice': 10}
2025-09-20 00:35:18 | ERROR | Error processing message: update_chart() missing 1 required positional argument: 'message'
2025-09-20 00:35:21 | INFO | {'message': 'I just saw a story! It was funny.', 'author': 'Eve'}
2025-09-20 00:35:21 | INFO | Processed JSON message: {'message': 'I just saw a story! It was funny.', 'author': 'Eve'}
2025-09-20 00:35:21 | INFO | Message received from author: Eve
2025-09-20 00:35:21 | INFO | Updated author counts: {'Charlie': 12, 'BoUSER': 18, 'Eve': 12, 'Alice': 10}
2025-09-20 00:35:21 | ERROR | Error processing message: update_chart() missing 1 required positional argument: 'message'
2025-09-20 00:35:24 | INFO | {'message': 'I just tried a meme! It was exciting.', 'author': 'Eve'}
2025-09-20 00:35:24 | INFO | Processed JSON message: {'message': 'I just tried a meme! It was exciting.', 'author': 'Eve'}
2025-09-20 00:35:24 | INFO | Message received from author: Eve
2025-09-20 00:35:24 | INFO | Updated author counts: {'Charlie': 12, 'BoUSER': 18, 'Eve': 13, 'Alice': 10}
2025-09-20 00:35:24 | ERROR | Error processing message: update_chart() missing 1 required positional argument: 'message'
2025-09-20 00:35:27 | INFO | {'message': 'I just loved a trick! It was weird.', 'author': 'BoUSER'}
2025-09-20 00:35:27 | INFO | Processed JSON message: {'message': 'I just loved a trick! It was weird.', 'author': 'BoUSER'}
2025-09-20 00:35:27 | INFO | Message received from author: BoUSER
2025-09-20 00:35:27 | INFO | Updated author counts: {'Charlie': 12, 'BoUSER': 19, 'Eve': 13, 'Alice': 10}
2025-09-20 00:35:27 | ERROR | Error processing message: update_chart() missing 1 required positional argument: 'message'
